<?xml version="1.0" encoding="UTF-8"?>
<!-- Generated by org.testng.reporters.JUnitXMLReporter -->
<testsuite ignored="0" hostname="Macbook-Pro.local" failures="0" tests="1" name="Default test" time="0.07" errors="0" timestamp="2022-05-05T14:20:51 IST">
  <testcase classname="pomfilewrk.naistam.Xpathp" name="@BeforeClass xps" time="-1.651740651011E9">
    <failure type="org.testng.TestNGException" message="
Parameter &amp;apos;broswer&amp;apos; is required by BeforeClass on method xps but has not been marked @Optional or defined
in /private/var/folders/8n/_b73x1tn5tx18jf86f278hgh0000gn/T/testng-eclipse--2103090769/testng-customsuite.xml">
      <![CDATA[org.testng.TestNGException: 
Parameter 'broswer' is required by BeforeClass on method xps but has not been marked @Optional or defined
in /private/var/folders/8n/_b73x1tn5tx18jf86f278hgh0000gn/T/testng-eclipse--2103090769/testng-customsuite.xml
at org.testng.internal.Parameters.createParams(Parameters.java:270)
at org.testng.internal.Parameters.createParametersForMethod(Parameters.java:358)
at org.testng.internal.Parameters.createParameters(Parameters.java:700)
at org.testng.internal.Parameters.createConfigurationParameters(Parameters.java:168)
at org.testng.internal.ConfigInvoker.invokeConfigurations(ConfigInvoker.java:302)
at org.testng.internal.TestMethodWorker.invokeBeforeClassMethods(TestMethodWorker.java:176)
at org.testng.internal.TestMethodWorker.run(TestMethodWorker.java:122)
at java.base/java.util.ArrayList.forEach(ArrayList.java:1511)
at org.testng.TestRunner.privateRun(TestRunner.java:794)
at org.testng.TestRunner.run(TestRunner.java:596)
at org.testng.SuiteRunner.runTest(SuiteRunner.java:377)
at org.testng.SuiteRunner.runSequentially(SuiteRunner.java:371)
at org.testng.SuiteRunner.privateRun(SuiteRunner.java:332)
at org.testng.SuiteRunner.run(SuiteRunner.java:276)
at org.testng.SuiteRunnerWorker.runSuite(SuiteRunnerWorker.java:53)
at org.testng.SuiteRunnerWorker.run(SuiteRunnerWorker.java:96)
at org.testng.TestNG.runSuitesSequentially(TestNG.java:1212)
at org.testng.TestNG.runSuitesLocally(TestNG.java:1134)
at org.testng.TestNG.runSuites(TestNG.java:1063)
at org.testng.TestNG.run(TestNG.java:1031)
at org.testng.remote.AbstractRemoteTestNG.run(AbstractRemoteTestNG.java:115)
at org.testng.remote.RemoteTestNG.initAndRun(RemoteTestNG.java:251)
at org.testng.remote.RemoteTestNG.main(RemoteTestNG.java:77)
]]>
    </failure>
  </testcase> <!-- @BeforeClass xps -->
  <testcase classname="pomfilewrk.naistam.Xpathp" name="@AfterClass teardown" time="-1.651740651054E9">
    <skipped/>
  </testcase> <!-- @AfterClass teardown -->
  <testcase classname="pomfilewrk.naistam.Xpathp" name="methods1" time="0.0">
    <skipped/>
  </testcase> <!-- methods1 -->
</testsuite> <!-- Default test -->
